{"level":"info","message":true}
{"level":"error","message":"No stop points found for post code E12 6UQ"}
{"level":"error","message":"No stop points found for post code E12 6UQ"}
{"level":"info","message":true}
{"level":"info","message":true}
{"level":"error","message":"No stop points found for post code E12 6UQ"}
{"level":"info","message":true}
{"level":"error","message":"No stop points found for post code E12 6UQ"}
{"level":"info","message":true}
{"level":"info","message":true}
{"level":"info","message":true}
{"level":"error","message":"No stop points found for post code e12 6UQ"}
{"level":"info","message":true}
{"level":"error","message":"No stop points found for post code NW10 9DE"}
{"level":"info","message":true}
{"level":"info","message":true}
{"level":"info","message":true}
{"level":"info","message":true}
{"level":"info","message":true}
{"level":"info","message":true}
{"level":"info","message":true}
{"level":"info","message":true}
{"level":"info","message":true}
{"level":"info","message":true}
{"level":"info","message":true}
{"level":"info","message":true}
{"level":"info","message":true}
{"level":"info","message":true}
{"level":"info","message":true}
{"level":"info","message":true}
{"level":"info","message":true}
{"level":"info","message":true}
{"level":"info","message":true}
{"level":"info","message":true}
{"level":"info","message":true}
{"level":"info","message":true}
{"level":"info","message":true}
{"level":"info","message":true}
{"level":"info","message":true}
{"level":"info","message":true}
{"level":"info","message":true}
{"level":"warn","message":"No buses from this stop"}
{"level":"info","message":true}
{"level":"warn","message":"No buses from this stop"}
{"level":"info","message":true}
{"level":"warn","message":"No buses from this stop"}
{"level":"info","message":true}
{"level":"warn","message":"No buses from this stop"}
{"level":"info","message":true}
{"level":"info","message":true}
{"level":"info","message":true}
{"level":"warn","message":"No buses from this stop"}
{"level":"info","message":true}
{"level":"warn","message":"No buses from this stop"}
{"level":"info","message":true}
{"level":"warn","message":"No buses from this stop"}
{"level":"info","message":true}
{"level":"warn","message":"No buses from this stop"}
{"level":"info","message":true}
{"level":"info","message":true}
{"level":"info","message":"https://api.tfl.gov.uk/Journey/JourneyResults/NW5 1TL/to/490008660S"}
